Script started on 2026-03-21 05:45:41+00:00 [TERM="xterm" TTY="/dev/pts/43" COLUMNS="80" LINES="24"]
make[1]: Entering directory '/data/tools/pave/innexis_home/vsi_2025.2/examples/vsiTutorials/Vsi-Controller/LineFollower'
python3 .//src/controller/controller.py --domain="AF_UNIX" --server-url="localhost"
+=+ XLVIP-INFO: XlTlmMessageLayer::connectToServer():
+=+    Connecting clientId=':remoteSession1' to 'server@localhost' ...
+=+    Successfully connected 'client :remoteSession1' to 'server@localhost'
+=+    Negotiated socket connection configuration
+=+        Use socket manager thread=FALSE
+=+        Use TCP_NODELAY=TRUE
+=+        Use UDP=FALSE
+=+ XLVIP-INFO: XlTlmMessageLayer::connect():
+=+    Successfully connected this remote client conduit into the TLM fabric server:
+=+        clientId=:remoteSession1
+=+        conduitId=:timeServerConduit1
           localClientConduitHandle=0x56da7d04c6a8
           remoteServerProxyConduitHandle=0x3b7f9370
+=+ XLVIP-INFO: XlTlmMessageLayer::connect():
+=+    Successfully connected this remote client conduit into the TLM fabric server:
+=+        clientId=:remoteSession1
+=+        conduitId=:resetServerConduit1
           localClientConduitHandle=0x56da7cfb3878
           remoteServerProxyConduitHandle=0x3b7f5580
+=+ XLVIP-INFO: XlTlmMessageLayer::connect():
+=+    Successfully connected this remote client conduit into the TLM fabric server:
+=+        clientId=:remoteSession1
+=+        conduitId=:txConfigPort1
           localClientConduitHandle=0x56da7cfd5510
           remoteServerProxyConduitHandle=0x3b807bf0
+=+ XLVIP-INFO: XlTlmMessageLayer::connect():
+=+    Successfully connected this remote client conduit into the TLM fabric server:
+=+        clientId=:remoteSession1
+=+        conduitId=:rxConfigPort1
           localClientConduitHandle=0x56da7cff20e0
           remoteServerProxyConduitHandle=0x3b803fd0
+=+ INFO: ... successfully connected to TLM FabricServer !
+=+ XLVIP-INFO: XlTlmMessageLayer::connect():
+=+    Successfully connected this remote client conduit into the TLM fabric server:
+=+        clientId=:remoteSession1
+=+        conduitId=:txEtherFrameConduit1
           localClientConduitHandle=0x56da7ce64ea0
           remoteServerProxyConduitHandle=0x3b7fce90
+=+ XLVIP-INFO: XlTlmMessageLayer::connect():
+=+    Successfully connected this remote client conduit into the TLM fabric server:
+=+        clientId=:remoteSession1
+=+        conduitId=:rxEtherFrameConduit1
           localClientConduitHandle=0x56da7ceaa920
           remoteServerProxyConduitHandle=0x3b800950
Killed
make[1]: *** [Makefile.client1:31: sim] Error 137
make[1]: Leaving directory '/data/tools/pave/innexis_home/vsi_2025.2/examples/vsiTutorials/Vsi-Controller/LineFollower'
